Processing esp32-s3-devkitm-1 (platform: espressif32; board: esp32-s3-devkitm-1; framework: arduino)
--------------------------------------------------------------------------------
Verbose mode can be enabled via `-v, --verbose` option
CONFIGURATION: https://docs.platformio.org/page/boards/espressif32/esp32-s3-devkitm-1.html
PLATFORM: Espressif 32 (6.12.0) > Espressif ESP32-S3-DevKitM-1
HARDWARE: ESP32S3 240MHz, 320KB RAM, 8MB Flash
DEBUG: Current (esp-builtin) On-board (esp-builtin) External (cmsis-dap, esp-bridge, esp-prog, iot-bus-jtag, jlink, minimodule, olimex-arm-usb-ocd, olimex-arm-usb-ocd-h, olimex-arm-usb-tiny-h, olimex-jtag-tiny, tumpa)
PACKAGES: 
 - framework-arduinoespressif32 @ 3.20017.241212+sha.dcc1105b 
 - tool-esptoolpy @ 2.40900.250804 (4.9.0) 
 - toolchain-riscv32-esp @ 8.4.0+2021r2-patch5 
 - toolchain-xtensa-esp32s3 @ 8.4.0+2021r2-patch5
LDF: Library Dependency Finder -> https://bit.ly/configure-pio-ldf
LDF Modes: Finder ~ chain, Compatibility ~ soft
Found 36 compatible libraries
Scanning dependencies...
Dependency Graph
|-- WebSockets @ 2.7.3
|-- ArduinoJson @ 7.4.2
|-- PubSubClient @ 2.8.0
|-- Preferences @ 2.0.0
|-- DNSServer @ 2.0.0
|-- HTTPClient @ 2.0.0
|-- LittleFS @ 2.0.0
|-- Update @ 2.0.0
|-- WebServer @ 2.0.0
|-- WiFi @ 2.0.0
|-- WiFiClientSecure @ 2.0.0
Building in release mode
Retrieving maximum program size .pio\build\esp32-s3-devkitm-1\firmware.elf
Checking size .pio\build\esp32-s3-devkitm-1\firmware.elf
Advanced Memory Usage is available via "PlatformIO Home > Project Inspect"
RAM:   [==        ]  15.2% (used 49736 bytes from 327680 bytes)
Flash: [====      ]  43.3% (used 1447529 bytes from 3342336 bytes)
========================= [SUCCESS] Took 3.86 seconds =========================

Processing native (platform: native)
--------------------------------------------------------------------------------
Verbose mode can be enabled via `-v, --verbose` option
LDF: Library Dependency Finder -> https://bit.ly/configure-pio-ldf
LDF Modes: Finder ~ chain, Compatibility ~ soft
Found 2 compatible libraries
Scanning dependencies...
Dependency Graph
|-- ArduinoJson @ 7.4.2
Building in release mode
Compiling .pio\build\native\src\app_state.o
Compiling .pio\build\native\src\auth_handler.o
Compiling .pio\build\native\src\button_handler.o
Compiling .pio\build\native\src\debug_serial.o
In file included from src\app_state.h:4,
                 from src\app_state.cpp:1:
src\config.h:4:10: fatal error: Arduino.h: No such file or directory

*****************************************************************
* Looking for Arduino.h dependency? Check our library registry!
*
* CLI  > platformio lib search "header:Arduino.h"
* Web  > https://registry.platformio.org/search?q=header:Arduino.h
*
*****************************************************************

    4 | #include <Arduino.h>
      |          ^~~~~~~~~~~
compilation terminated.
Compiling .pio\build\native\src\main.o
Compiling .pio\build\native\src\mqtt_handler.o
*** [.pio\build\native\src\app_state.o] Error 1
In file included from src\auth_handler.cpp:1:
src\auth_handler.h:4:10: fatal error: Arduino.h: No such file or directory

*****************************************************************
* Looking for Arduino.h dependency? Check our library registry!
*
* CLI  > platformio lib search "header:Arduino.h"
* Web  > https://registry.platformio.org/search?q=header:Arduino.h
*
*****************************************************************

    4 | #include <Arduino.h>
      |          ^~~~~~~~~~~
compilation terminated.
In file included from src\button_handler.cpp:1:
src\button_handler.h:4:10: fatal error: Arduino.h: No such file or directory

*****************************************************************
* Looking for Arduino.h dependency? Check our library registry!
*
* CLI  > platformio lib search "header:Arduino.h"
* Web  > https://registry.platformio.org/search?q=header:Arduino.h
*
*****************************************************************

    4 | #include <Arduino.h>
      |          ^~~~~~~~~~~
compilation terminated.
*** [.pio\build\native\src\auth_handler.o] Error 1
*** [.pio\build\native\src\button_handler.o] Error 1
In file included from src\debug_serial.cpp:1:
src\debug_serial.h:4:10: fatal error: Arduino.h: No such file or directory

*****************************************************************
* Looking for Arduino.h dependency? Check our library registry!
*
* CLI  > platformio lib search "header:Arduino.h"
* Web  > https://registry.platformio.org/search?q=header:Arduino.h
*
*****************************************************************

    4 | #include <Arduino.h>
      |          ^~~~~~~~~~~
compilation terminated.
*** [.pio\build\native\src\debug_serial.o] Error 1
In file included from src\app_state.h:4,
                 from src\main.cpp:1:
src\config.h:4:10: fatal error: Arduino.h: No such file or directory

*****************************************************************
* Looking for Arduino.h dependency? Check our library registry!
*
* CLI  > platformio lib search "header:Arduino.h"
* Web  > https://registry.platformio.org/search?q=header:Arduino.h
*
*****************************************************************

    4 | #include <Arduino.h>
      |          ^~~~~~~~~~~
compilation terminated.
*** [.pio\build\native\src\main.o] Error 1
In file included from src\mqtt_handler.cpp:1:
src\mqtt_handler.h:4:10: fatal error: Arduino.h: No such file or directory

*****************************************************************
* Looking for Arduino.h dependency? Check our library registry!
*
* CLI  > platformio lib search "header:Arduino.h"
* Web  > https://registry.platformio.org/search?q=header:Arduino.h
*
*****************************************************************

    4 | #include <Arduino.h>
      |          ^~~~~~~~~~~
compilation terminated.
*** [.pio\build\native\src\mqtt_handler.o] Error 1
========================== [FAILED] Took 0.62 seconds ==========================

Environment         Status    Duration
------------------  --------  ------------
esp32-s3-devkitm-1  SUCCESS   00:00:03.864
native              FAILED    00:00:00.621
==================== 1 failed, 1 succeeded in 00:00:04.484 ====================
